# JRE version: Java(TM) SE Runtime Environment (8.0_112-b15) (build 1.8.0_112-b15)
# Java VM: Java HotSpot(TM) 64-Bit Server VM (25.112-b15 mixed mode windows-amd64 compressed oops)
Heap:
 PSYoungGen      total 40960K, used 29460K [0x00000007bc400000, 0x00000007c0000000, 0x00000007c0000000)
  eden space 20480K, 50% used [0x00000007bc400000,0x00000007bce17048,0x00000007bd800000)
  from space 20480K, 93% used [0x00000007bec00000,0x00000007bfeae090,0x00000007c0000000)
  to   space 20480K, 0% used [0x00000007bd800000,0x00000007bd800000,0x00000007bec00000)
 ParOldGen       total 294400K, used 169053K [0x0000000700000000, 0x0000000711f80000, 0x00000007bc400000)
  object space 294400K, 57% used [0x0000000700000000,0x000000070a517518,0x0000000711f80000)
 Metaspace       used 80824K, capacity 81641K, committed 82432K, reserved 1120256K
  class space    used 12085K, capacity 12246K, committed 12288K, reserved 1048576K
GC Heap History (10 events):
Event: 1934.090 GC heap before
{Heap before GC invocations=491 (full 17):
 PSYoungGen      total 49664K, used 49664K [0x00000007bc400000, 0x00000007c0000000, 0x00000007c0000000)
  eden space 37888K, 100% used [0x00000007bc400000,0x00000007be900000,0x00000007be900000)
  from space 11776K, 100% used [0x00000007be900000,0x00000007bf480000,0x00000007bf480000)
  to   space 11776K, 0% used [0x00000007bf480000,0x00000007bf480000,0x00000007c0000000)
 ParOldGen       total 294400K, used 153103K [0x0000000700000000, 0x0000000711f80000, 0x00000007bc400000)
  object space 294400K, 52% used [0x0000000700000000,0x0000000709583cd8,0x0000000711f80000)
 Metaspace       used 80811K, capacity 81641K, committed 82432K, reserved 1120256K
  class space    used 12085K, capacity 12246K, committed 12288K, reserved 1048576K
Event: 1934.102 GC heap after
Heap after GC invocations=491 (full 17):
 PSYoungGen      total 35328K, used 11776K [0x00000007bc400000, 0x00000007c0000000, 0x00000007c0000000)
  eden space 23552K, 0% used [0x00000007bc400000,0x00000007bc400000,0x00000007bdb00000)
  from space 11776K, 100% used [0x00000007bf480000,0x00000007c0000000,0x00000007c0000000)
  to   space 18944K, 0% used [0x00000007bdb00000,0x00000007bdb00000,0x00000007bed80000)
 ParOldGen       total 294400K, used 162561K [0x0000000700000000, 0x0000000711f80000, 0x00000007bc400000)
  object space 294400K, 55% used [0x0000000700000000,0x0000000709ec0408,0x0000000711f80000)
 Metaspace       used 80811K, capacity 81641K, committed 82432K, reserved 1120256K
  class space    used 12085K, capacity 12246K, committed 12288K, reserved 1048576K
}
Event: 1934.284 GC heap before
{Heap before GC invocations=492 (full 17):
 PSYoungGen      total 35328K, used 35328K [0x00000007bc400000, 0x00000007c0000000, 0x00000007c0000000)
  eden space 23552K, 100% used [0x00000007bc400000,0x00000007bdb00000,0x00000007bdb00000)
  from space 11776K, 100% used [0x00000007bf480000,0x00000007c0000000,0x00000007c0000000)
  to   space 18944K, 0% used [0x00000007bdb00000,0x00000007bdb00000,0x00000007bed80000)
 ParOldGen       total 294400K, used 162563K [0x0000000700000000, 0x0000000711f80000, 0x00000007bc400000)
  object space 294400K, 55% used [0x0000000700000000,0x0000000709ec0de0,0x0000000711f80000)
 Metaspace       used 80820K, capacity 81641K, committed 82432K, reserved 1120256K
  class space    used 12085K, capacity 12246K, committed 12288K, reserved 1048576K
Event: 1934.293 GC heap after
Heap after GC invocations=492 (full 17):
 PSYoungGen      total 38400K, used 14592K [0x00000007bc400000, 0x00000007c0000000, 0x00000007c0000000)
  eden space 23552K, 0% used [0x00000007bc400000,0x00000007bc400000,0x00000007bdb00000)
  from space 14848K, 98% used [0x00000007bdb00000,0x00000007be940000,0x00000007be980000)
  to   space 20480K, 0% used [0x00000007bec00000,0x00000007bec00000,0x00000007c0000000)
 ParOldGen       total 294400K, used 162675K [0x0000000700000000, 0x0000000711f80000, 0x00000007bc400000)
  object space 294400K, 55% used [0x0000000700000000,0x0000000709edcde0,0x0000000711f80000)
 Metaspace       used 80820K, capacity 81641K, committed 82432K, reserved 1120256K
  class space    used 12085K, capacity 12246K, committed 12288K, reserved 1048576K
}
Event: 1934.925 GC heap before
{Heap before GC invocations=493 (full 17):
 PSYoungGen      total 38400K, used 38144K [0x00000007bc400000, 0x00000007c0000000, 0x00000007c0000000)
  eden space 23552K, 100% used [0x00000007bc400000,0x00000007bdb00000,0x00000007bdb00000)
  from space 14848K, 98% used [0x00000007bdb00000,0x00000007be940000,0x00000007be980000)
  to   space 20480K, 0% used [0x00000007bec00000,0x00000007bec00000,0x00000007c0000000)
 ParOldGen       total 294400K, used 163284K [0x0000000700000000, 0x0000000711f80000, 0x00000007bc400000)
  object space 294400K, 55% used [0x0000000700000000,0x0000000709f750e8,0x0000000711f80000)
 Metaspace       used 80820K, capacity 81641K, committed 82432K, reserved 1120256K
  class space    used 12085K, capacity 12246K, committed 12288K, reserved 1048576K
Event: 1934.935 GC heap after
Heap after GC invocations=493 (full 17):
 PSYoungGen      total 40960K, used 19218K [0x00000007bc400000, 0x00000007c0000000, 0x00000007c0000000)
  eden space 20480K, 0% used [0x00000007bc400000,0x00000007bc400000,0x00000007bd800000)
  from space 20480K, 93% used [0x00000007bec00000,0x00000007bfec4880,0x00000007c0000000)
  to   space 20480K, 0% used [0x00000007bd800000,0x00000007bd800000,0x00000007bec00000)
 ParOldGen       total 294400K, used 163532K [0x0000000700000000, 0x0000000711f80000, 0x00000007bc400000)
  object space 294400K, 55% used [0x0000000700000000,0x0000000709fb3118,0x0000000711f80000)
 Metaspace       used 80820K, capacity 81641K, committed 82432K, reserved 1120256K
  class space    used 12085K, capacity 12246K, committed 12288K, reserved 1048576K
}
Event: 1943.670 GC heap before
{Heap before GC invocations=494 (full 17):
 PSYoungGen      total 40960K, used 39698K [0x00000007bc400000, 0x00000007c0000000, 0x00000007c0000000)
  eden space 20480K, 100% used [0x00000007bc400000,0x00000007bd800000,0x00000007bd800000)
  from space 20480K, 93% used [0x00000007bec00000,0x00000007bfec4880,0x00000007c0000000)
  to   space 20480K, 0% used [0x00000007bd800000,0x00000007bd800000,0x00000007bec00000)
 ParOldGen       total 294400K, used 163532K [0x0000000700000000, 0x0000000711f80000, 0x00000007bc400000)
  object space 294400K, 55% used [0x0000000700000000,0x0000000709fb3118,0x0000000711f80000)
 Metaspace       used 80822K, capacity 81641K, committed 82432K, reserved 1120256K
  class space    used 12085K, capacity 12246K, committed 12288K, reserved 1048576K
Event: 1943.680 GC heap after
Heap after GC invocations=494 (full 17):
 PSYoungGen      total 40960K, used 20462K [0x00000007bc400000, 0x00000007c0000000, 0x00000007c0000000)
  eden space 20480K, 0% used [0x00000007bc400000,0x00000007bc400000,0x00000007bd800000)
  from space 20480K, 99% used [0x00000007bd800000,0x00000007bebfbb98,0x00000007bec00000)
  to   space 20480K, 0% used [0x00000007bec00000,0x00000007bec00000,0x00000007c0000000)
 ParOldGen       total 294400K, used 163812K [0x0000000700000000, 0x0000000711f80000, 0x00000007bc400000)
  object space 294400K, 55% used [0x0000000700000000,0x0000000709ff9128,0x0000000711f80000)
 Metaspace       used 80822K, capacity 81641K, committed 82432K, reserved 1120256K
  class space    used 12085K, capacity 12246K, committed 12288K, reserved 1048576K
}
Event: 1943.874 GC heap before
{Heap before GC invocations=495 (full 17):
 PSYoungGen      total 40960K, used 40942K [0x00000007bc400000, 0x00000007c0000000, 0x00000007c0000000)
  eden space 20480K, 100% used [0x00000007bc400000,0x00000007bd800000,0x00000007bd800000)
  from space 20480K, 99% used [0x00000007bd800000,0x00000007bebfbb98,0x00000007bec00000)
  to   space 20480K, 0% used [0x00000007bec00000,0x00000007bec00000,0x00000007c0000000)
 ParOldGen       total 294400K, used 163812K [0x0000000700000000, 0x0000000711f80000, 0x00000007bc400000)
  object space 294400K, 55% used [0x0000000700000000,0x0000000709ff9128,0x0000000711f80000)
 Metaspace       used 80823K, capacity 81641K, committed 82432K, reserved 1120256K
  class space    used 12085K, capacity 12246K, committed 12288K, reserved 1048576K
Event: 1943.883 GC heap after
Heap after GC invocations=495 (full 17):
 PSYoungGen      total 40960K, used 19128K [0x00000007bc400000, 0x00000007c0000000, 0x00000007c0000000)
  eden space 20480K, 0% used [0x00000007bc400000,0x00000007bc400000,0x00000007bd800000)
  from space 20480K, 93% used [0x00000007bec00000,0x00000007bfeae090,0x00000007c0000000)
  to   space 20480K, 0% used [0x00000007bd800000,0x00000007bd800000,0x00000007bec00000)
 ParOldGen       total 294400K, used 169053K [0x0000000700000000, 0x0000000711f80000, 0x00000007bc400000)
  object space 294400K, 57% used [0x0000000700000000,0x000000070a517518,0x0000000711f80000)
 Metaspace       used 80823K, capacity 81641K, committed 82432K, reserved 1120256K
  class space    used 12085K, capacity 12246K, committed 12288K, reserved 1048576K
}

