# JRE version: Java(TM) SE Runtime Environment (8.0_112-b15) (build 1.8.0_112-b15)
# Java VM: Java HotSpot(TM) 64-Bit Server VM (25.112-b15 mixed mode windows-amd64 compressed oops)
Heap:
 PSYoungGen      total 45568K, used 27328K [0x00000007bc400000, 0x00000007c0000000, 0x00000007c0000000)
  eden space 36864K, 50% used [0x00000007bc400000,0x00000007bd63b498,0x00000007be800000)
  from space 8704K, 99% used [0x00000007be800000,0x00000007bf074ce0,0x00000007bf080000)
  to   space 12800K, 0% used [0x00000007bf380000,0x00000007bf380000,0x00000007c0000000)
 ParOldGen       total 289792K, used 126308K [0x0000000700000000, 0x0000000711b00000, 0x00000007bc400000)
  object space 289792K, 43% used [0x0000000700000000,0x0000000707b59138,0x0000000711b00000)
 Metaspace       used 79012K, capacity 79847K, committed 80640K, reserved 1118208K
  class space    used 11764K, capacity 11915K, committed 12032K, reserved 1048576K
GC Heap History (10 events):
Event: 1049.636 GC heap before
{Heap before GC invocations=405 (full 16):
 PSYoungGen      total 50688K, used 45195K [0x00000007bc400000, 0x00000007c0000000, 0x00000007c0000000)
  eden space 39936K, 100% used [0x00000007bc400000,0x00000007beb00000,0x00000007beb00000)
  from space 10752K, 48% used [0x00000007bf580000,0x00000007bfaa2f90,0x00000007c0000000)
  to   space 10752K, 0% used [0x00000007beb00000,0x00000007beb00000,0x00000007bf580000)
 ParOldGen       total 289792K, used 122716K [0x0000000700000000, 0x0000000711b00000, 0x00000007bc400000)
  object space 289792K, 42% used [0x0000000700000000,0x00000007077d7218,0x0000000711b00000)
 Metaspace       used 78993K, capacity 79783K, committed 80640K, reserved 1118208K
  class space    used 11764K, capacity 11915K, committed 12032K, reserved 1048576K
Event: 1049.643 GC heap after
Heap after GC invocations=405 (full 16):
 PSYoungGen      total 49152K, used 9151K [0x00000007bc400000, 0x00000007c0000000, 0x00000007c0000000)
  eden space 39936K, 0% used [0x00000007bc400000,0x00000007bc400000,0x00000007beb00000)
  from space 9216K, 99% used [0x00000007beb00000,0x00000007bf3efcd8,0x00000007bf400000)
  to   space 11776K, 0% used [0x00000007bf480000,0x00000007bf480000,0x00000007c0000000)
 ParOldGen       total 289792K, used 126260K [0x0000000700000000, 0x0000000711b00000, 0x00000007bc400000)
  object space 289792K, 43% used [0x0000000700000000,0x0000000707b4d138,0x0000000711b00000)
 Metaspace       used 78993K, capacity 79783K, committed 80640K, reserved 1118208K
  class space    used 11764K, capacity 11915K, committed 12032K, reserved 1048576K
}
Event: 1049.886 GC heap before
{Heap before GC invocations=406 (full 16):
 PSYoungGen      total 49152K, used 49087K [0x00000007bc400000, 0x00000007c0000000, 0x00000007c0000000)
  eden space 39936K, 100% used [0x00000007bc400000,0x00000007beb00000,0x00000007beb00000)
  from space 9216K, 99% used [0x00000007beb00000,0x00000007bf3efcd8,0x00000007bf400000)
  to   space 11776K, 0% used [0x00000007bf480000,0x00000007bf480000,0x00000007c0000000)
 ParOldGen       total 289792K, used 126260K [0x0000000700000000, 0x0000000711b00000, 0x00000007bc400000)
  object space 289792K, 43% used [0x0000000700000000,0x0000000707b4d138,0x0000000711b00000)
 Metaspace       used 78994K, capacity 79783K, committed 80640K, reserved 1118208K
  class space    used 11764K, capacity 11915K, committed 12032K, reserved 1048576K
Event: 1049.893 GC heap after
Heap after GC invocations=406 (full 16):
 PSYoungGen      total 48640K, used 7539K [0x00000007bc400000, 0x00000007c0000000, 0x00000007c0000000)
  eden space 36864K, 0% used [0x00000007bc400000,0x00000007bc400000,0x00000007be800000)
  from space 11776K, 64% used [0x00000007bf480000,0x00000007bfbdcd48,0x00000007c0000000)
  to   space 12288K, 0% used [0x00000007be800000,0x00000007be800000,0x00000007bf400000)
 ParOldGen       total 289792K, used 126260K [0x0000000700000000, 0x0000000711b00000, 0x00000007bc400000)
  object space 289792K, 43% used [0x0000000700000000,0x0000000707b4d138,0x0000000711b00000)
 Metaspace       used 78994K, capacity 79783K, committed 80640K, reserved 1118208K
  class space    used 11764K, capacity 11915K, committed 12032K, reserved 1048576K
}
Event: 1051.859 GC heap before
{Heap before GC invocations=407 (full 16):
 PSYoungGen      total 48640K, used 44403K [0x00000007bc400000, 0x00000007c0000000, 0x00000007c0000000)
  eden space 36864K, 100% used [0x00000007bc400000,0x00000007be800000,0x00000007be800000)
  from space 11776K, 64% used [0x00000007bf480000,0x00000007bfbdcd48,0x00000007c0000000)
  to   space 12288K, 0% used [0x00000007be800000,0x00000007be800000,0x00000007bf400000)
 ParOldGen       total 289792K, used 126260K [0x0000000700000000, 0x0000000711b00000, 0x00000007bc400000)
  object space 289792K, 43% used [0x0000000700000000,0x0000000707b4d138,0x0000000711b00000)
 Metaspace       used 78996K, capacity 79783K, committed 80640K, reserved 1118208K
  class space    used 11764K, capacity 11915K, committed 12032K, reserved 1048576K
Event: 1051.865 GC heap after
Heap after GC invocations=407 (full 16):
 PSYoungGen      total 49152K, used 7329K [0x00000007bc400000, 0x00000007c0000000, 0x00000007c0000000)
  eden space 36864K, 0% used [0x00000007bc400000,0x00000007bc400000,0x00000007be800000)
  from space 12288K, 59% used [0x00000007be800000,0x00000007bef284f8,0x00000007bf400000)
  to   space 12288K, 0% used [0x00000007bf400000,0x00000007bf400000,0x00000007c0000000)
 ParOldGen       total 289792K, used 126260K [0x0000000700000000, 0x0000000711b00000, 0x00000007bc400000)
  object space 289792K, 43% used [0x0000000700000000,0x0000000707b4d138,0x0000000711b00000)
 Metaspace       used 78996K, capacity 79783K, committed 80640K, reserved 1118208K
  class space    used 11764K, capacity 11915K, committed 12032K, reserved 1048576K
}
Event: 1053.874 GC heap before
{Heap before GC invocations=408 (full 16):
 PSYoungGen      total 49152K, used 44193K [0x00000007bc400000, 0x00000007c0000000, 0x00000007c0000000)
  eden space 36864K, 100% used [0x00000007bc400000,0x00000007be800000,0x00000007be800000)
  from space 12288K, 59% used [0x00000007be800000,0x00000007bef284f8,0x00000007bf400000)
  to   space 12288K, 0% used [0x00000007bf400000,0x00000007bf400000,0x00000007c0000000)
 ParOldGen       total 289792K, used 126260K [0x0000000700000000, 0x0000000711b00000, 0x00000007bc400000)
  object space 289792K, 43% used [0x0000000700000000,0x0000000707b4d138,0x0000000711b00000)
 Metaspace       used 78998K, capacity 79783K, committed 80640K, reserved 1118208K
  class space    used 11764K, capacity 11915K, committed 12032K, reserved 1048576K
Event: 1053.880 GC heap after
Heap after GC invocations=408 (full 16):
 PSYoungGen      total 49152K, used 7347K [0x00000007bc400000, 0x00000007c0000000, 0x00000007c0000000)
  eden space 36864K, 0% used [0x00000007bc400000,0x00000007bc400000,0x00000007be800000)
  from space 12288K, 59% used [0x00000007bf400000,0x00000007bfb2cd48,0x00000007c0000000)
  to   space 12288K, 0% used [0x00000007be800000,0x00000007be800000,0x00000007bf400000)
 ParOldGen       total 289792K, used 126260K [0x0000000700000000, 0x0000000711b00000, 0x00000007bc400000)
  object space 289792K, 43% used [0x0000000700000000,0x0000000707b4d138,0x0000000711b00000)
 Metaspace       used 78998K, capacity 79783K, committed 80640K, reserved 1118208K
  class space    used 11764K, capacity 11915K, committed 12032K, reserved 1048576K
}
Event: 1058.165 GC heap before
{Heap before GC invocations=409 (full 16):
 PSYoungGen      total 49152K, used 44211K [0x00000007bc400000, 0x00000007c0000000, 0x00000007c0000000)
  eden space 36864K, 100% used [0x00000007bc400000,0x00000007be800000,0x00000007be800000)
  from space 12288K, 59% used [0x00000007bf400000,0x00000007bfb2cd48,0x00000007c0000000)
  to   space 12288K, 0% used [0x00000007be800000,0x00000007be800000,0x00000007bf400000)
 ParOldGen       total 289792K, used 126260K [0x0000000700000000, 0x0000000711b00000, 0x00000007bc400000)
  object space 289792K, 43% used [0x0000000700000000,0x0000000707b4d138,0x0000000711b00000)
 Metaspace       used 79007K, capacity 79847K, committed 80640K, reserved 1118208K
  class space    used 11764K, capacity 11915K, committed 12032K, reserved 1048576K
Event: 1058.172 GC heap after
Heap after GC invocations=409 (full 16):
 PSYoungGen      total 45568K, used 8659K [0x00000007bc400000, 0x00000007c0000000, 0x00000007c0000000)
  eden space 36864K, 0% used [0x00000007bc400000,0x00000007bc400000,0x00000007be800000)
  from space 8704K, 99% used [0x00000007be800000,0x00000007bf074ce0,0x00000007bf080000)
  to   space 12800K, 0% used [0x00000007bf380000,0x00000007bf380000,0x00000007c0000000)
 ParOldGen       total 289792K, used 126308K [0x0000000700000000, 0x0000000711b00000, 0x00000007bc400000)
  object space 289792K, 43% used [0x0000000700000000,0x0000000707b59138,0x0000000711b00000)
 Metaspace       used 79007K, capacity 79847K, committed 80640K, reserved 1118208K
  class space    used 11764K, capacity 11915K, committed 12032K, reserved 1048576K
}

